#
# A fatal error has been detected by the Java Runtime Environment:
#
#  EXCEPTION_ACCESS_VIOLATION (0xc0000005) at pc=0x6e66590d, pid=3424, tid=2212
#
# JRE version: Java(TM) SE Runtime Environment (8.0_91-b15) (build 1.8.0_91-b15)
# Java VM: Java HotSpot(TM) Client VM (25.91-b15 mixed mode, sharing windows-x86 )
# Problematic frame:
# C  [gdx-box2d.dll+0x2590d]
#
# Failed to write core dump. Minidumps are not enabled by default on client versions of Windows
#
# If you would like to submit a bug report, please visit:
#   http://bugreport.java.com/bugreport/crash.jsp
# The crash happened outside the Java Virtual Machine in native code.
# See problematic frame for where to report the bug.
#

---------------  T H R E A D  ---------------

Current thread (0x150c5000):  JavaThread "LWJGL Application" [_thread_in_native, id=2212, stack(0x15580000,0x155d0000)]

siginfo: ExceptionCode=0xc0000005, reading address 0x151a6ddc

Registers:
EAX=0x03a1bf3c, EBX=0x150c5140, ECX=0x00000000, EDX=0x6cb636b0
ESP=0x155cf2bc, EBP=0x155cf2d8, ESI=0x155cf330, EDI=0x151a6dd0
EIP=0x6e66590d, EFLAGS=0x00010202

Top of Stack: (sp=0x155cf2bc)
0x155cf2bc:   145ac060 145ac060 145ac060 150c5000
0x155cf2cc:   145ac060 145ac060 150c5000 155cf320
0x155cf2dc:   0191bf93 150c5140 155cf33c 151a6dd0
0x155cf2ec:   00000000 155cf330 145bce80 145ac060
0x155cf2fc:   0191bd86 155cf300 145ac060 155cf33c
0x155cf30c:   145aef28 00000000 145ac060 00000000
0x155cf31c:   155cf330 155cf360 019145d4 00000000
0x155cf32c:   01919a89 03a1bf30 151a6dd0 00000000 

Instructions: (pc=0x6e66590d)
0x6e6658ed:   75 18 8b 7d 10 8b 03 8b 80 78 03 00 00 89 74 24
0x6e6658fd:   04 89 1c 24 c7 44 24 08 00 00 00 00 ff d0 8b 13
0x6e66590d:   f3 0f 10 4f 0c f3 0f 10 47 10 83 ec 0c f3 0f 11
0x6e66591d:   08 f3 0f 11 40 04 8b 92 7c 03 00 00 89 74 24 04 


Register to memory mapping:

EAX=0x03a1bf3c is pointing into object: 0x03a1bf30
[F 
 - klass: {type array float}
 - length: 4
EBX=0x150c5140 is an unknown value
ECX=0x00000000 is an unknown value
EDX=0x6cb636b0 is an unknown value
ESP=0x155cf2bc is pointing into the stack for thread: 0x150c5000
EBP=0x155cf2d8 is pointing into the stack for thread: 0x150c5000
ESI=0x155cf330 is pointing into the stack for thread: 0x150c5000
EDI=0x151a6dd0 is an unknown value


Stack: [0x15580000,0x155d0000],  sp=0x155cf2bc,  free space=316k
Native frames: (J=compiled Java code, j=interpreted, Vv=VM code, C=native code)
C  [gdx-box2d.dll+0x2590d]
j  com.badlogic.gdx.physics.box2d.Body.jniGetPosition(J[F)V+0
j  com.badlogic.gdx.physics.box2d.Body.getPosition()Lcom/badlogic/gdx/math/Vector2;+9
j  com.mygdx.game.screens.LevelOne.update(F)V+30
j  com.mygdx.game.screens.LevelOne.render(F)V+2
j  com.badlogic.gdx.Game.render()V+19
j  com.mygdx.game.BallBoomer.render()V+1
j  com.badlogic.gdx.backends.lwjgl.LwjglApplication.mainLoop()V+698
j  com.badlogic.gdx.backends.lwjgl.LwjglApplication$1.run()V+27
v  ~StubRoutines::call_stub
V  [jvm.dll+0x159425]
V  [jvm.dll+0x21f02e]
V  [jvm.dll+0x1594be]
V  [jvm.dll+0x159646]
V  [jvm.dll+0x1596b7]
V  [jvm.dll+0xfdd2f]
V  [jvm.dll+0x17c8ec]
V  [jvm.dll+0x17c9da]
V  [jvm.dll+0x1c0fd6]
C  [msvcr100.dll+0x10fac]
C  [msvcr100.dll+0x110b1]
C  [kernel32.dll+0x51174]
C  [ntdll.dll+0x5b3f5]
C  [ntdll.dll+0x5b3c8]
C  0x00000000

Java frames: (J=compiled Java code, j=interpreted, Vv=VM code)
j  com.badlogic.gdx.physics.box2d.Body.jniGetPosition(J[F)V+0
j  com.badlogic.gdx.physics.box2d.Body.getPosition()Lcom/badlogic/gdx/math/Vector2;+9
j  com.mygdx.game.screens.LevelOne.update(F)V+30
j  com.mygdx.game.screens.LevelOne.render(F)V+2
j  com.badlogic.gdx.Game.render()V+19
j  com.mygdx.game.BallBoomer.render()V+1
j  com.badlogic.gdx.backends.lwjgl.LwjglApplication.mainLoop()V+698
j  com.badlogic.gdx.backends.lwjgl.LwjglApplication$1.run()V+27
v  ~StubRoutines::call_stub

---------------  P R O C E S S  ---------------

Java Threads: ( => current thread )
  0x150e8c00 JavaThread "LWJGL Timer" daemon [_thread_blocked, id=3492, stack(0x18b10000,0x18b60000)]
  0x0147d000 JavaThread "DestroyJavaVM" [_thread_blocked, id=4052, stack(0x014a0000,0x014f0000)]
=>0x150c5000 JavaThread "LWJGL Application" [_thread_in_native, id=2212, stack(0x15580000,0x155d0000)]
  0x015b6c00 JavaThread "Service Thread" daemon [_thread_blocked, id=3608, stack(0x14de0000,0x14e30000)]
  0x01592400 JavaThread "C1 CompilerThread0" daemon [_thread_blocked, id=3372, stack(0x13b80000,0x13bd0000)]
  0x01590000 JavaThread "Attach Listener" daemon [_thread_blocked, id=2460, stack(0x14700000,0x14750000)]
  0x0158f400 JavaThread "Signal Dispatcher" daemon [_thread_blocked, id=2688, stack(0x147a0000,0x147f0000)]
  0x01584800 JavaThread "Finalizer" daemon [_thread_blocked, id=2172, stack(0x13ad0000,0x13b20000)]
  0x01529000 JavaThread "Reference Handler" daemon [_thread_blocked, id=3500, stack(0x13a80000,0x13ad0000)]

Other Threads:
  0x01524400 VMThread [stack: 0x13b20000,0x13b70000] [id=4056]
  0x015b9000 WatcherThread [stack: 0x14ef0000,0x14f40000] [id=2504]

VM state:not at safepoint (normal execution)

VM Mutex/Monitor currently owned by a thread: None

Heap:
 def new generation   total 4928K, used 835K [0x03a00000, 0x03f50000, 0x08f50000)
  eden space 4416K,   7% used [0x03a00000, 0x03a50f70, 0x03e50000)
  from space 512K, 100% used [0x03ed0000, 0x03f50000, 0x03f50000)
  to   space 512K,   0% used [0x03e50000, 0x03e50000, 0x03ed0000)
 tenured generation   total 10944K, used 2637K [0x08f50000, 0x09a00000, 0x13a00000)
   the space 10944K,  24% used [0x08f50000, 0x091e35e8, 0x091e3600, 0x09a00000)
 Metaspace       used 2286K, capacity 4153K, committed 4160K, reserved 4480K

Card table byte_map: [0x03910000,0x039a0000] byte_map_base: 0x038f3000

Polling page: 0x00110000

CodeCache: size=32768Kb used=1027Kb max_used=1027Kb free=31740Kb
 bounds [0x01910000, 0x01a18000, 0x03910000]
 total_blobs=481 nmethods=201 adapters=212
 compilation: enabled

Compilation events (10 events):
Event: 1.400 Thread 0x01592400  196   !         java.util.zip.InflaterInputStream::read (138 bytes)
Event: 1.401 Thread 0x01592400 nmethod 196 0x01a0d388 code [0x01a0d530, 0x01a0dd64]
Event: 1.407 Thread 0x01592400  197             java.io.WinNTFileSystem::parentOrNull (171 bytes)
Event: 1.408 Thread 0x01592400 nmethod 197 0x01a0e448 code [0x01a0e5b0, 0x01a0e990]
Event: 1.420 Thread 0x01592400  198             org.lwjgl.opengl.APIUtil::encode (58 bytes)
Event: 1.420 Thread 0x01592400 nmethod 198 0x01a0fa88 code [0x01a0fba0, 0x01a0fca4]
Event: 1.423 Thread 0x01592400  199             com.badlogic.gdx.math.Vector2::<init> (5 bytes)
Event: 1.424 Thread 0x01592400 nmethod 199 0x01a0fec8 code [0x01a0ffc0, 0x01a10040]
Event: 1.437 Thread 0x01592400  201             java.lang.String::<init> (10 bytes)
Event: 1.437 Thread 0x01592400 nmethod 201 0x01a10c08 code [0x01a10d00, 0x01a10d90]

GC Heap History (6 events):
Event: 0.358 GC heap before
{Heap before GC invocations=0 (full 0):
 def new generation   total 4928K, used 4408K [0x03a00000, 0x03f50000, 0x08f50000)
  eden space 4416K,  99% used [0x03a00000, 0x03e4e230, 0x03e50000)
  from space 512K,   0% used [0x03e50000, 0x03e50000, 0x03ed0000)
  to   space 512K,   0% used [0x03ed0000, 0x03ed0000, 0x03f50000)
 tenured generation   total 10944K, used 0K [0x08f50000, 0x09a00000, 0x13a00000)
   the space 10944K,   0% used [0x08f50000, 0x08f50000, 0x08f50200, 0x09a00000)
 Metaspace       used 667K, capacity 2664K, committed 2752K, reserved 4480K
Event: 0.361 GC heap after
Heap after GC invocations=1 (full 0):
 def new generation   total 4928K, used 512K [0x03a00000, 0x03f50000, 0x08f50000)
  eden space 4416K,   0% used [0x03a00000, 0x03a00000, 0x03e50000)
  from space 512K, 100% used [0x03ed0000, 0x03f50000, 0x03f50000)
  to   space 512K,   0% used [0x03e50000, 0x03e50000, 0x03ed0000)
 tenured generation   total 10944K, used 524K [0x08f50000, 0x09a00000, 0x13a00000)
   the space 10944K,   4% used [0x08f50000, 0x08fd3008, 0x08fd3200, 0x09a00000)
 Metaspace       used 667K, capacity 2664K, committed 2752K, reserved 4480K
}
Event: 0.596 GC heap before
{Heap before GC invocations=1 (full 0):
 def new generation   total 4928K, used 4927K [0x03a00000, 0x03f50000, 0x08f50000)
  eden space 4416K,  99% used [0x03a00000, 0x03e4ffc8, 0x03e50000)
  from space 512K, 100% used [0x03ed0000, 0x03f50000, 0x03f50000)
  to   space 512K,   0% used [0x03e50000, 0x03e50000, 0x03ed0000)
 tenured generation   total 10944K, used 524K [0x08f50000, 0x09a00000, 0x13a00000)
   the space 10944K,   4% used [0x08f50000, 0x08fd3008, 0x08fd3200, 0x09a00000)
 Metaspace       used 1719K, capacity 3609K, committed 3648K, reserved 4480K
Event: 0.599 GC heap after
Heap after GC invocations=2 (full 0):
 def new generation   total 4928K, used 512K [0x03a00000, 0x03f50000, 0x08f50000)
  eden space 4416K,   0% used [0x03a00000, 0x03a00000, 0x03e50000)
  from space 512K, 100% used [0x03e50000, 0x03ed0000, 0x03ed0000)
  to   space 512K,   0% used [0x03ed0000, 0x03ed0000, 0x03f50000)
 tenured generation   total 10944K, used 1523K [0x08f50000, 0x09a00000, 0x13a00000)
   the space 10944K,  13% used [0x08f50000, 0x090ccd78, 0x090cce00, 0x09a00000)
 Metaspace       used 1719K, capacity 3609K, committed 3648K, reserved 4480K
}
Event: 1.431 GC heap before
{Heap before GC invocations=2 (full 0):
 def new generation   total 4928K, used 4928K [0x03a00000, 0x03f50000, 0x08f50000)
  eden space 4416K, 100% used [0x03a00000, 0x03e50000, 0x03e50000)
  from space 512K, 100% used [0x03e50000, 0x03ed0000, 0x03ed0000)
  to   space 512K,   0% used [0x03ed0000, 0x03ed0000, 0x03f50000)
 tenured generation   total 10944K, used 1523K [0x08f50000, 0x09a00000, 0x13a00000)
   the space 10944K,  13% used [0x08f50000, 0x090ccd78, 0x090cce00, 0x09a00000)
 Metaspace       used 2243K, capacity 4121K, committed 4160K, reserved 4480K
Event: 1.434 GC heap after
Heap after GC invocations=3 (full 0):
 def new generation   total 4928K, used 512K [0x03a00000, 0x03f50000, 0x08f50000)
  eden space 4416K,   0% used [0x03a00000, 0x03a00000, 0x03e50000)
  from space 512K, 100% used [0x03ed0000, 0x03f50000, 0x03f50000)
  to   space 512K,   0% used [0x03e50000, 0x03e50000, 0x03ed0000)
 tenured generation   total 10944K, used 2637K [0x08f50000, 0x09a00000, 0x13a00000)
   the space 10944K,  24% used [0x08f50000, 0x091e35e8, 0x091e3600, 0x09a00000)
 Metaspace       used 2243K, capacity 4121K, committed 4160K, reserved 4480K
}

Deoptimization events (0 events):
No events

Internal exceptions (10 events):
Event: 0.155 Thread 0x0147d000 Exception <a 'java/security/PrivilegedActionException'> (0x03bfd138) thrown at [C:\re\workspace\8-2-build-windows-i586-cygwin\jdk8u91\7017\hotspot\src\share\vm\prims\jvm.cpp, line 1386]
Event: 0.155 Thread 0x0147d000 Exception <a 'java/security/PrivilegedActionException'> (0x03bfd338) thrown at [C:\re\workspace\8-2-build-windows-i586-cygwin\jdk8u91\7017\hotspot\src\share\vm\prims\jvm.cpp, line 1386]
Event: 0.156 Thread 0x0147d000 Exception <a 'java/security/PrivilegedActionException'> (0x03c00a80) thrown at [C:\re\workspace\8-2-build-windows-i586-cygwin\jdk8u91\7017\hotspot\src\share\vm\prims\jvm.cpp, line 1386]
Event: 0.156 Thread 0x0147d000 Exception <a 'java/security/PrivilegedActionException'> (0x03c00c80) thrown at [C:\re\workspace\8-2-build-windows-i586-cygwin\jdk8u91\7017\hotspot\src\share\vm\prims\jvm.cpp, line 1386]
Event: 0.288 Thread 0x0147d000 Exception <a 'java/security/PrivilegedActionException'> (0x03da09a0) thrown at [C:\re\workspace\8-2-build-windows-i586-cygwin\jdk8u91\7017\hotspot\src\share\vm\prims\jvm.cpp, line 1386]
Event: 0.289 Thread 0x0147d000 Exception <a 'java/security/PrivilegedActionException'> (0x03da2428) thrown at [C:\re\workspace\8-2-build-windows-i586-cygwin\jdk8u91\7017\hotspot\src\share\vm\prims\jvm.cpp, line 1386]
Event: 0.289 Thread 0x0147d000 Exception <a 'java/security/PrivilegedActionException'> (0x03da3480) thrown at [C:\re\workspace\8-2-build-windows-i586-cygwin\jdk8u91\7017\hotspot\src\share\vm\prims\jvm.cpp, line 1386]
Event: 0.289 Thread 0x0147d000 Exception <a 'java/security/PrivilegedActionException'> (0x03da7f78) thrown at [C:\re\workspace\8-2-build-windows-i586-cygwin\jdk8u91\7017\hotspot\src\share\vm\prims\jvm.cpp, line 1386]
Event: 0.289 Thread 0x0147d000 Exception <a 'java/security/PrivilegedActionException'> (0x03da8b38) thrown at [C:\re\workspace\8-2-build-windows-i586-cygwin\jdk8u91\7017\hotspot\src\share\vm\prims\jvm.cpp, line 1386]
Event: 0.289 Thread 0x0147d000 Exception <a 'java/security/PrivilegedActionException'> (0x03da9700) thrown at [C:\re\workspace\8-2-build-windows-i586-cygwin\jdk8u91\7017\hotspot\src\share\vm\prims\jvm.cpp, line 1386]

Events (10 events):
Event: 1.440 loading class com/mygdx/game/sprites/CenterSpring
Event: 1.440 loading class com/mygdx/game/sprites/CenterSpring done
Event: 1.440 loading class com/badlogic/gdx/graphics/g2d/Animation$1
Event: 1.440 loading class com/badlogic/gdx/graphics/g2d/Animation$1 done
Event: 1.441 loading class com/mygdx/game/sprites/PurpleBall
Event: 1.441 loading class com/mygdx/game/sprites/PurpleBall done
Event: 1.441 loading class com/mygdx/game/sprites/PurpleBall$State
Event: 1.441 loading class com/mygdx/game/sprites/PurpleBall$State done
Event: 1.442 loading class com/mygdx/game/tools/WorldContactListner
Event: 1.442 loading class com/mygdx/game/tools/WorldContactListner done


Dynamic libraries:
0x013a0000 - 0x013d3000 	C:\Program Files\Java\jre1.8.0_91\bin\javaw.exe
0x77c50000 - 0x77d8c000 	C:\Windows\SYSTEM32\ntdll.dll
0x767d0000 - 0x768a4000 	C:\Windows\system32\kernel32.dll
0x75e50000 - 0x75e9a000 	C:\Windows\system32\KERNELBASE.dll
0x760a0000 - 0x76140000 	C:\Windows\system32\ADVAPI32.dll
0x77dd0000 - 0x77e7c000 	C:\Windows\system32\msvcrt.dll
0x766e0000 - 0x766f9000 	C:\Windows\SYSTEM32\sechost.dll
0x77860000 - 0x77901000 	C:\Windows\system32\RPCRT4.dll
0x76440000 - 0x76509000 	C:\Windows\system32\USER32.dll
0x76510000 - 0x7655e000 	C:\Windows\system32\GDI32.dll
0x77db0000 - 0x77dba000 	C:\Windows\system32\LPK.dll
0x76a50000 - 0x76aed000 	C:\Windows\system32\USP10.dll
0x74d30000 - 0x74ece000 	C:\Windows\WinSxS\x86_microsoft.windows.common-controls_6595b64144ccf1df_6.0.7600.16385_none_421189da2b7fabfc\COMCTL32.dll
0x77800000 - 0x77857000 	C:\Windows\system32\SHLWAPI.dll
0x77d90000 - 0x77daf000 	C:\Windows\system32\IMM32.DLL
0x76700000 - 0x767cc000 	C:\Windows\system32\MSCTF.dll
0x6b3c0000 - 0x6b47d000 	C:\Program Files\Java\jre1.8.0_91\bin\msvcr100.dll
0x6c810000 - 0x6cbda000 	C:\Program Files\Java\jre1.8.0_91\bin\client\jvm.dll
0x73a70000 - 0x73a77000 	C:\Windows\system32\WSOCK32.dll
0x777c0000 - 0x777f5000 	C:\Windows\system32\WS2_32.dll
0x766d0000 - 0x766d6000 	C:\Windows\system32\NSI.dll
0x741c0000 - 0x741f2000 	C:\Windows\system32\WINMM.dll
0x752a0000 - 0x752a9000 	C:\Windows\system32\VERSION.dll
0x77dc0000 - 0x77dc5000 	C:\Windows\system32\PSAPI.DLL
0x6c7e0000 - 0x6c7ec000 	C:\Program Files\Java\jre1.8.0_91\bin\verify.dll
0x6c7b0000 - 0x6c7d1000 	C:\Program Files\Java\jre1.8.0_91\bin\java.dll
0x6c790000 - 0x6c7a3000 	C:\Program Files\Java\jre1.8.0_91\bin\zip.dll
0x76b70000 - 0x777b9000 	C:\Windows\system32\SHELL32.dll
0x76140000 - 0x7629c000 	C:\Windows\system32\ole32.dll
0x75da0000 - 0x75dab000 	C:\Windows\system32\profapi.dll
0x6cec0000 - 0x6cf33000 	C:\Users\Sanjay Nellutla\AppData\Local\Temp\libgdxSanjay Nellutla\133cf295\gdx.dll
0x75820000 - 0x75836000 	C:\Windows\system32\CRYPTSP.dll
0x755c0000 - 0x755fb000 	C:\Windows\system32\rsaenh.dll
0x75400000 - 0x75417000 	C:\Windows\system32\USERENV.dll
0x75d20000 - 0x75d2c000 	C:\Windows\system32\CRYPTBASE.dll
0x6c770000 - 0x6c786000 	C:\Program Files\Java\jre1.8.0_91\bin\net.dll
0x757e0000 - 0x7581c000 	C:\Windows\system32\mswsock.dll
0x757d0000 - 0x757d6000 	C:\Windows\System32\wship6.dll
0x73e20000 - 0x73e3c000 	C:\Windows\system32\IPHLPAPI.DLL
0x73e00000 - 0x73e07000 	C:\Windows\system32\WINNSI.DLL
0x73ce0000 - 0x73ced000 	C:\Windows\system32\dhcpcsvc6.DLL
0x73cc0000 - 0x73cd2000 	C:\Windows\system32\dhcpcsvc.DLL
0x6c760000 - 0x6c76f000 	C:\Program Files\Java\jre1.8.0_91\bin\nio.dll
0x14750000 - 0x1479f000 	C:\Users\Sanjay Nellutla\AppData\Local\Temp\libgdxSanjay Nellutla\68069333\lwjgl.dll
0x685f0000 - 0x686b8000 	C:\Windows\system32\OPENGL32.dll
0x6a150000 - 0x6a172000 	C:\Windows\system32\GLU32.dll
0x68500000 - 0x685e7000 	C:\Windows\system32\DDRAW.dll
0x6bc20000 - 0x6bc26000 	C:\Windows\system32\DCIMAN32.dll
0x768b0000 - 0x76a4d000 	C:\Windows\system32\SETUPAPI.dll
0x75f50000 - 0x75f77000 	C:\Windows\system32\CFGMGR32.dll
0x76640000 - 0x766cf000 	C:\Windows\system32\OLEAUT32.dll
0x75ea0000 - 0x75eb2000 	C:\Windows\system32\DEVOBJ.dll
0x74880000 - 0x74893000 	C:\Windows\system32\dwmapi.dll
0x14d70000 - 0x14dd5000 	C:\Users\SANJAY~1\AppData\Local\Temp\libgdxSanjay Nellutla\68069333\OpenAL32.dll
0x74bb0000 - 0x74bf0000 	C:\Windows\system32\uxtheme.dll
0x762a0000 - 0x76323000 	C:\Windows\system32\CLBCatQ.DLL
0x74bf0000 - 0x74ce5000 	C:\Windows\System32\PROPSYS.dll
0x75e20000 - 0x75e4d000 	C:\Windows\system32\WINTRUST.dll
0x75f80000 - 0x7609c000 	C:\Windows\system32\CRYPT32.dll
0x75e10000 - 0x75e1c000 	C:\Windows\system32\MSASN1.dll
0x74200000 - 0x74272000 	C:\Windows\system32\dsound.dll
0x746a0000 - 0x746c5000 	C:\Windows\system32\POWRPROF.dll
0x748a0000 - 0x748d9000 	C:\Windows\System32\MMDevApi.dll
0x713e0000 - 0x71416000 	C:\Windows\system32\AUDIOSES.DLL
0x15e90000 - 0x16462000 	C:\Windows\system32\ig4icd32.dll
0x16500000 - 0x168be000 	C:\Windows\system32\ig4dev32.dll
0x69410000 - 0x69489000 	C:\Windows\system32\mscms.dll
0x69560000 - 0x69598000 	C:\Windows\system32\icm32.dll
0x6e640000 - 0x6e6d2000 	C:\Users\Sanjay Nellutla\AppData\Local\Temp\libgdxSanjay Nellutla\3ecf6ab4\gdx-box2d.dll
0x73960000 - 0x73a4b000 	C:\Windows\system32\dbghelp.dll

VM Arguments:
jvm_args: -Dfile.encoding=Cp1252 
java_command: com.mygdx.game.desktop.DesktopLauncher
java_class_path (initial): F:\sanjay\Eclipce Workspace\BallBoomer\desktop\bin;F:\sanjay\Eclipce Workspace\BallBoomer\core\bin;C:\Users\Sanjay Nellutla\.gradle\caches\modules-2\files-2.1\com.badlogicgames.gdx\gdx\1.9.3\1a3775429980a6c8da0cdefb656ad1dabf91d629\gdx-1.9.3.jar;C:\Users\Sanjay Nellutla\.gradle\caches\modules-2\files-2.1\com.badlogicgames.gdx\gdx-box2d\1.9.3\924800875b5ce70081021240a1301b60993b62e6\gdx-box2d-1.9.3.jar;C:\Users\Sanjay Nellutla\.gradle\caches\modules-2\files-2.1\com.badlogicgames.gdx\gdx-backend-lwjgl\1.9.3\88bc98f6155e1f63462ba03622ffaf25557dccc0\gdx-backend-lwjgl-1.9.3.jar;C:\Users\Sanjay Nellutla\.gradle\caches\modules-2\files-2.1\com.badlogicgames.gdx\gdx-platform\1.9.3\56b040cddca30bd248c8453863f71bad77adb107\gdx-platform-1.9.3-natives-desktop.jar;C:\Users\Sanjay Nellutla\.gradle\caches\modules-2\files-2.1\com.badlogicgames.gdx\gdx-box2d-platform\1.9.3\f8b223142c03314b27fc89c04cb105a8902cf58b\gdx-box2d-platform-1.9.3-natives-desktop.jar;C:\Users\Sanjay Nellutla\.gradle\caches\modules-2\files-2.1\org.lwjgl.lwjgl\lwjgl\2.9.2\a9d80fe5935c7a9149f6584d9777cfd471f65489\lwjgl-2.9.2.jar;C:\Users\Sanjay Nellutla\.gradle\caches\modules-2\files-2.1\org.lwjgl.lwjgl\lwjgl_util\2.9.2\4b9e37300a87799856e0bd15ed81663cdb6b0947\lwjgl_util-2.9.2.jar;C:\Users\Sanjay Nellutla\.gradle\caches\modules-2\files-2.1\com.badlogicgames.jlayer\jlayer\1.0.1-gdx\7cca83cec5c1b2f011362f4d85aabd71a73b049d\jlayer-1.0.1-gdx.jar;C:\Users\Sanjay Nellutla\.gradle\caches\modules-2\files-2.1\org.jcraft\jorbis\0.0.17\8872d22b293e8f5d7d56ff92be966e6dc28ebdc6\jorbis-0.0.17.jar;C:\Users\Sanjay Nellutla\.gradle\caches\modules-2\files-2.1\org.lwjgl.lwjgl\lwjgl-platform\2.9.2\510c7d317f5e9e700b9cfaac5fd38bdebf0702e0\lwjgl-platform-2.9.2-natives-windows.jar;C:\Users\Sanjay Nellutla\.gradle\caches\modules-2\files-2.1\org.lwjgl.lwjgl\lwjgl-platform\2.9.2\d276cdf61fe2b516c7b7f4aa1b8dea91dbdc8d56\lwjgl-platform-2.9.2-natives-linux.jar;C:\Users\Sanjay Nellutla\.gradle\caches\modules-2\fil
Launcher Type: SUN_STANDARD

Environment Variables:
PATH=C:/Program Files/Java/jre1.8.0_91/bin/client;C:/Program Files/Java/jre1.8.0_91/bin;C:/Program Files/Java/jre1.8.0_91/lib/i386;C:\ProgramData\Oracle\Java\javapath;C:\Windows\system32;C:\Windows;C:\Windows\System32\Wbem;C:\Windows\System32\WindowsPowerShell\v1.0;F:\sanjay\eclipse;
USERNAME=Sanjay Nellutla
OS=Windows_NT
PROCESSOR_IDENTIFIER=x86 Family 6 Model 23 Stepping 10, GenuineIntel



---------------  S Y S T E M  ---------------

OS: Windows 7 Build 7600 (6.1.7600.16385)

CPU:total 2 (2 cores per cpu, 1 threads per core) family 6 model 23 stepping 10, cmov, cx8, fxsr, mmx, sse, sse2, sse3, ssse3, sse4.1, tsc

Memory: 4k page, physical 2061432k(1048672k free), swap 4122864k(2728568k free)

vm_info: Java HotSpot(TM) Client VM (25.91-b15) for windows-x86 JRE (1.8.0_91-b15), built on May 20 2016 17:33:18 by "java_re" with MS VC++ 10.0 (VS2010)

time: Thu Jun 23 12:37:07 2016
elapsed time: 1 seconds (0d 0h 0m 1s)

