#
# A fatal error has been detected by the Java Runtime Environment:
#
#  EXCEPTION_ACCESS_VIOLATION (0xc0000005) at pc=0x6e667057, pid=3504, tid=2156
#
# JRE version: Java(TM) SE Runtime Environment (8.0_91-b15) (build 1.8.0_91-b15)
# Java VM: Java HotSpot(TM) Client VM (25.91-b15 mixed mode, sharing windows-x86 )
# Problematic frame:
# C  [gdx-box2d.dll+0x27057]
#
# Failed to write core dump. Minidumps are not enabled by default on client versions of Windows
#
# If you would like to submit a bug report, please visit:
#   http://bugreport.java.com/bugreport/crash.jsp
# The crash happened outside the Java Virtual Machine in native code.
# See problematic frame for where to report the bug.
#

---------------  T H R E A D  ---------------

Current thread (0x15144000):  JavaThread "LWJGL Application" [_thread_in_native, id=2156, stack(0x15700000,0x15750000)]

siginfo: ExceptionCode=0xc0000005, reading address 0x00000004

Registers:
EAX=0x00000000, EBX=0x145b0b98, ECX=0x15144140, EDX=0x00000000
ESP=0x1574f98c, EBP=0x1574f9c4, ESI=0x145b0b98, EDI=0x15144000
EIP=0x6e667057, EFLAGS=0x00010206

Top of Stack: (sp=0x1574f98c)
0x1574f98c:   01b3bf93 15144140 1574f9dc 14dd9c98
0x1574f99c:   00000000 01b3bd86 1574f9a4 145b0b98
0x1574f9ac:   1574f9dc 145b45f0 00000000 145b0b98
0x1574f9bc:   00000000 1574f9d4 1574fa00 01b34260
0x1574f9cc:   00000000 01b39a89 14dd9c98 00000000
0x1574f9dc:   03c08a90 1574f9e0 145b0ac5 1574fa0c
0x1574f9ec:   145b45f0 00000000 145b0b28 1574f9d4
0x1574f9fc:   1574fa0c 1574fa30 01b34534 00000000 

Instructions: (pc=0x6e667057)
0x6e667037:   2d c2 10 00 90 8d 74 26 00 8b 44 24 0c 80 7c 24
0x6e667047:   14 00 0f 95 40 2d c2 14 00 8b 44 24 0c 8b 40 0c
0x6e667057:   8b 50 04 b8 ff ff ff ff 83 fa 03 77 07 8b 04 95
0x6e667067:   10 ac 68 6e c2 10 00 66 90 8b 44 24 0c 8b 40 0c 


Register to memory mapping:

EAX=0x00000000 is an unknown value
EBX={method} {0x145b0b9c} 'jniGetType' '(J)I' in 'com/badlogic/gdx/physics/box2d/Fixture'
ECX=0x15144140 is an unknown value
EDX=0x00000000 is an unknown value
ESP=0x1574f98c is pointing into the stack for thread: 0x15144000
EBP=0x1574f9c4 is pointing into the stack for thread: 0x15144000
ESI={method} {0x145b0b9c} 'jniGetType' '(J)I' in 'com/badlogic/gdx/physics/box2d/Fixture'
EDI=0x15144000 is a thread


Stack: [0x15700000,0x15750000],  sp=0x1574f98c,  free space=318k
Native frames: (J=compiled Java code, j=interpreted, Vv=VM code, C=native code)
C  [gdx-box2d.dll+0x27057]
j  com.badlogic.gdx.physics.box2d.Fixture.getType()Lcom/badlogic/gdx/physics/box2d/Shape$Type;+5
j  com.badlogic.gdx.physics.box2d.Box2DDebugRenderer.drawShape(Lcom/badlogic/gdx/physics/box2d/Fixture;Lcom/badlogic/gdx/physics/box2d/Transform;Lcom/badlogic/gdx/graphics/Color;)V+1
j  com.badlogic.gdx.physics.box2d.Box2DDebugRenderer.renderBody(Lcom/badlogic/gdx/physics/box2d/Body;)V+49
j  com.badlogic.gdx.physics.box2d.Box2DDebugRenderer.renderBodies(Lcom/badlogic/gdx/physics/box2d/World;)V+73
j  com.badlogic.gdx.physics.box2d.Box2DDebugRenderer.render(Lcom/badlogic/gdx/physics/box2d/World;Lcom/badlogic/gdx/math/Matrix4;)V+10
j  com.mygdx.game.screens.LevelOne.render(F)V+143
j  com.badlogic.gdx.Game.render()V+19
j  com.mygdx.game.BallBoomer.render()V+1
j  com.badlogic.gdx.backends.lwjgl.LwjglApplication.mainLoop()V+698
j  com.badlogic.gdx.backends.lwjgl.LwjglApplication$1.run()V+27
v  ~StubRoutines::call_stub
V  [jvm.dll+0x159425]
V  [jvm.dll+0x21f02e]
V  [jvm.dll+0x1594be]
V  [jvm.dll+0x159646]
V  [jvm.dll+0x1596b7]
V  [jvm.dll+0xfdd2f]
V  [jvm.dll+0x17c8ec]
V  [jvm.dll+0x17c9da]
V  [jvm.dll+0x1c0fd6]
C  [msvcr100.dll+0x10fac]
C  [msvcr100.dll+0x110b1]
C  [kernel32.dll+0x51174]
C  [ntdll.dll+0x5b3f5]
C  [ntdll.dll+0x5b3c8]
C  0x00000000

Java frames: (J=compiled Java code, j=interpreted, Vv=VM code)
j  com.badlogic.gdx.physics.box2d.Fixture.jniGetType(J)I+0
j  com.badlogic.gdx.physics.box2d.Fixture.getType()Lcom/badlogic/gdx/physics/box2d/Shape$Type;+5
j  com.badlogic.gdx.physics.box2d.Box2DDebugRenderer.drawShape(Lcom/badlogic/gdx/physics/box2d/Fixture;Lcom/badlogic/gdx/physics/box2d/Transform;Lcom/badlogic/gdx/graphics/Color;)V+1
j  com.badlogic.gdx.physics.box2d.Box2DDebugRenderer.renderBody(Lcom/badlogic/gdx/physics/box2d/Body;)V+49
j  com.badlogic.gdx.physics.box2d.Box2DDebugRenderer.renderBodies(Lcom/badlogic/gdx/physics/box2d/World;)V+73
j  com.badlogic.gdx.physics.box2d.Box2DDebugRenderer.render(Lcom/badlogic/gdx/physics/box2d/World;Lcom/badlogic/gdx/math/Matrix4;)V+10
j  com.mygdx.game.screens.LevelOne.render(F)V+143
j  com.badlogic.gdx.Game.render()V+19
j  com.mygdx.game.BallBoomer.render()V+1
j  com.badlogic.gdx.backends.lwjgl.LwjglApplication.mainLoop()V+698
j  com.badlogic.gdx.backends.lwjgl.LwjglApplication$1.run()V+27
v  ~StubRoutines::call_stub

---------------  P R O C E S S  ---------------

Java Threads: ( => current thread )
  0x151efc00 JavaThread "LWJGL Timer" daemon [_thread_blocked, id=3032, stack(0x18c00000,0x18c50000)]
  0x0158d000 JavaThread "DestroyJavaVM" [_thread_blocked, id=2296, stack(0x01710000,0x01760000)]
=>0x15144000 JavaThread "LWJGL Application" [_thread_in_native, id=2156, stack(0x15700000,0x15750000)]
  0x01826c00 JavaThread "Service Thread" daemon [_thread_blocked, id=4048, stack(0x14780000,0x147d0000)]
  0x01802400 JavaThread "C1 CompilerThread0" daemon [_thread_blocked, id=2460, stack(0x14ee0000,0x14f30000)]
  0x01800000 JavaThread "Attach Listener" daemon [_thread_blocked, id=3940, stack(0x14f30000,0x14f80000)]
  0x017ff400 JavaThread "Signal Dispatcher" daemon [_thread_blocked, id=1984, stack(0x14e80000,0x14ed0000)]
  0x017f4800 JavaThread "Finalizer" daemon [_thread_blocked, id=776, stack(0x146e0000,0x14730000)]
  0x01799000 JavaThread "Reference Handler" daemon [_thread_blocked, id=1320, stack(0x03b80000,0x03bd0000)]

Other Threads:
  0x01794400 VMThread [stack: 0x016c0000,0x01710000] [id=3932]
  0x01829000 WatcherThread [stack: 0x14fa0000,0x14ff0000] [id=3672]

VM state:not at safepoint (normal execution)

VM Mutex/Monitor currently owned by a thread: None

Heap:
 def new generation   total 4928K, used 862K [0x03c00000, 0x04150000, 0x09150000)
  eden space 4416K,   7% used [0x03c00000, 0x03c57918, 0x04050000)
  from space 512K, 100% used [0x040d0000, 0x04150000, 0x04150000)
  to   space 512K,   0% used [0x04050000, 0x04050000, 0x040d0000)
 tenured generation   total 10944K, used 2636K [0x09150000, 0x09c00000, 0x13c00000)
   the space 10944K,  24% used [0x09150000, 0x093e32f0, 0x093e3400, 0x09c00000)
 Metaspace       used 2301K, capacity 4185K, committed 4288K, reserved 4480K

Card table byte_map: [0x014f0000,0x01580000] byte_map_base: 0x014d2000

Polling page: 0x00160000

CodeCache: size=32768Kb used=1049Kb max_used=1049Kb free=31718Kb
 bounds [0x01b30000, 0x01c38000, 0x03b30000]
 total_blobs=482 nmethods=202 adapters=212
 compilation: enabled

Compilation events (10 events):
Event: 1.307 Thread 0x01802400  197   !         java.util.zip.InflaterInputStream::read (138 bytes)
Event: 1.307 Thread 0x01802400 nmethod 197 0x01c32c88 code [0x01c32e30, 0x01c33664]
Event: 1.313 Thread 0x01802400  198             java.io.WinNTFileSystem::parentOrNull (171 bytes)
Event: 1.314 Thread 0x01802400 nmethod 198 0x01c33d48 code [0x01c33eb0, 0x01c34290]
Event: 1.326 Thread 0x01802400  199             org.lwjgl.opengl.APIUtil::encode (58 bytes)
Event: 1.326 Thread 0x01802400 nmethod 199 0x01c35388 code [0x01c354a0, 0x01c355a4]
Event: 1.329 Thread 0x01802400  200             com.badlogic.gdx.math.Vector2::<init> (5 bytes)
Event: 1.329 Thread 0x01802400 nmethod 200 0x01c357c8 code [0x01c358c0, 0x01c35940]
Event: 1.341 Thread 0x01802400  202             java.lang.String::<init> (10 bytes)
Event: 1.341 Thread 0x01802400 nmethod 202 0x01c36508 code [0x01c36600, 0x01c36690]

GC Heap History (6 events):
Event: 0.340 GC heap before
{Heap before GC invocations=0 (full 0):
 def new generation   total 4928K, used 4403K [0x03c00000, 0x04150000, 0x09150000)
  eden space 4416K,  99% used [0x03c00000, 0x0404ceb0, 0x04050000)
  from space 512K,   0% used [0x04050000, 0x04050000, 0x040d0000)
  to   space 512K,   0% used [0x040d0000, 0x040d0000, 0x04150000)
 tenured generation   total 10944K, used 0K [0x09150000, 0x09c00000, 0x13c00000)
   the space 10944K,   0% used [0x09150000, 0x09150000, 0x09150200, 0x09c00000)
 Metaspace       used 667K, capacity 2664K, committed 2752K, reserved 4480K
Event: 0.342 GC heap after
Heap after GC invocations=1 (full 0):
 def new generation   total 4928K, used 512K [0x03c00000, 0x04150000, 0x09150000)
  eden space 4416K,   0% used [0x03c00000, 0x03c00000, 0x04050000)
  from space 512K, 100% used [0x040d0000, 0x04150000, 0x04150000)
  to   space 512K,   0% used [0x04050000, 0x04050000, 0x040d0000)
 tenured generation   total 10944K, used 524K [0x09150000, 0x09c00000, 0x13c00000)
   the space 10944K,   4% used [0x09150000, 0x091d3008, 0x091d3200, 0x09c00000)
 Metaspace       used 667K, capacity 2664K, committed 2752K, reserved 4480K
}
Event: 0.569 GC heap before
{Heap before GC invocations=1 (full 0):
 def new generation   total 4928K, used 4928K [0x03c00000, 0x04150000, 0x09150000)
  eden space 4416K, 100% used [0x03c00000, 0x04050000, 0x04050000)
  from space 512K, 100% used [0x040d0000, 0x04150000, 0x04150000)
  to   space 512K,   0% used [0x04050000, 0x04050000, 0x040d0000)
 tenured generation   total 10944K, used 524K [0x09150000, 0x09c00000, 0x13c00000)
   the space 10944K,   4% used [0x09150000, 0x091d3008, 0x091d3200, 0x09c00000)
 Metaspace       used 1719K, capacity 3609K, committed 3648K, reserved 4480K
Event: 0.572 GC heap after
Heap after GC invocations=2 (full 0):
 def new generation   total 4928K, used 512K [0x03c00000, 0x04150000, 0x09150000)
  eden space 4416K,   0% used [0x03c00000, 0x03c00000, 0x04050000)
  from space 512K, 100% used [0x04050000, 0x040d0000, 0x040d0000)
  to   space 512K,   0% used [0x040d0000, 0x040d0000, 0x04150000)
 tenured generation   total 10944K, used 1522K [0x09150000, 0x09c00000, 0x13c00000)
   the space 10944K,  13% used [0x09150000, 0x092ccbf8, 0x092ccc00, 0x09c00000)
 Metaspace       used 1719K, capacity 3609K, committed 3648K, reserved 4480K
}
Event: 1.336 GC heap before
{Heap before GC invocations=2 (full 0):
 def new generation   total 4928K, used 4928K [0x03c00000, 0x04150000, 0x09150000)
  eden space 4416K, 100% used [0x03c00000, 0x04050000, 0x04050000)
  from space 512K, 100% used [0x04050000, 0x040d0000, 0x040d0000)
  to   space 512K,   0% used [0x040d0000, 0x040d0000, 0x04150000)
 tenured generation   total 10944K, used 1522K [0x09150000, 0x09c00000, 0x13c00000)
   the space 10944K,  13% used [0x09150000, 0x092ccbf8, 0x092ccc00, 0x09c00000)
 Metaspace       used 2243K, capacity 4121K, committed 4160K, reserved 4480K
Event: 1.339 GC heap after
Heap after GC invocations=3 (full 0):
 def new generation   total 4928K, used 512K [0x03c00000, 0x04150000, 0x09150000)
  eden space 4416K,   0% used [0x03c00000, 0x03c00000, 0x04050000)
  from space 512K, 100% used [0x040d0000, 0x04150000, 0x04150000)
  to   space 512K,   0% used [0x04050000, 0x04050000, 0x040d0000)
 tenured generation   total 10944K, used 2636K [0x09150000, 0x09c00000, 0x13c00000)
   the space 10944K,  24% used [0x09150000, 0x093e32f0, 0x093e3400, 0x09c00000)
 Metaspace       used 2243K, capacity 4121K, committed 4160K, reserved 4480K
}

Deoptimization events (0 events):
No events

Internal exceptions (10 events):
Event: 0.119 Thread 0x0158d000 Exception <a 'java/security/PrivilegedActionException'> (0x03dfd038) thrown at [C:\re\workspace\8-2-build-windows-i586-cygwin\jdk8u91\7017\hotspot\src\share\vm\prims\jvm.cpp, line 1386]
Event: 0.119 Thread 0x0158d000 Exception <a 'java/security/PrivilegedActionException'> (0x03dfd238) thrown at [C:\re\workspace\8-2-build-windows-i586-cygwin\jdk8u91\7017\hotspot\src\share\vm\prims\jvm.cpp, line 1386]
Event: 0.119 Thread 0x0158d000 Exception <a 'java/security/PrivilegedActionException'> (0x03e00980) thrown at [C:\re\workspace\8-2-build-windows-i586-cygwin\jdk8u91\7017\hotspot\src\share\vm\prims\jvm.cpp, line 1386]
Event: 0.119 Thread 0x0158d000 Exception <a 'java/security/PrivilegedActionException'> (0x03e00b80) thrown at [C:\re\workspace\8-2-build-windows-i586-cygwin\jdk8u91\7017\hotspot\src\share\vm\prims\jvm.cpp, line 1386]
Event: 0.276 Thread 0x0158d000 Exception <a 'java/security/PrivilegedActionException'> (0x03fa1450) thrown at [C:\re\workspace\8-2-build-windows-i586-cygwin\jdk8u91\7017\hotspot\src\share\vm\prims\jvm.cpp, line 1386]
Event: 0.276 Thread 0x0158d000 Exception <a 'java/security/PrivilegedActionException'> (0x03fa2ed8) thrown at [C:\re\workspace\8-2-build-windows-i586-cygwin\jdk8u91\7017\hotspot\src\share\vm\prims\jvm.cpp, line 1386]
Event: 0.276 Thread 0x0158d000 Exception <a 'java/security/PrivilegedActionException'> (0x03fa3f30) thrown at [C:\re\workspace\8-2-build-windows-i586-cygwin\jdk8u91\7017\hotspot\src\share\vm\prims\jvm.cpp, line 1386]
Event: 0.277 Thread 0x0158d000 Exception <a 'java/security/PrivilegedActionException'> (0x03fa8a28) thrown at [C:\re\workspace\8-2-build-windows-i586-cygwin\jdk8u91\7017\hotspot\src\share\vm\prims\jvm.cpp, line 1386]
Event: 0.277 Thread 0x0158d000 Exception <a 'java/security/PrivilegedActionException'> (0x03fa95e8) thrown at [C:\re\workspace\8-2-build-windows-i586-cygwin\jdk8u91\7017\hotspot\src\share\vm\prims\jvm.cpp, line 1386]
Event: 0.277 Thread 0x0158d000 Exception <a 'java/security/PrivilegedActionException'> (0x03faa168) thrown at [C:\re\workspace\8-2-build-windows-i586-cygwin\jdk8u91\7017\hotspot\src\share\vm\prims\jvm.cpp, line 1386]

Events (10 events):
Event: 1.349 loading class com/badlogic/gdx/maps/tiled/tiles/AnimatedTiledMapTile
Event: 1.349 loading class com/badlogic/gdx/maps/tiled/tiles/AnimatedTiledMapTile done
Event: 1.350 loading class com/badlogic/gdx/utils/TimeUtils
Event: 1.350 loading class com/badlogic/gdx/utils/TimeUtils done
Event: 1.355 loading class com/badlogic/gdx/graphics/glutils/ShapeRenderer$ShapeType
Event: 1.355 loading class com/badlogic/gdx/graphics/glutils/ShapeRenderer$ShapeType done
Event: 1.355 loading class com/badlogic/gdx/utils/LongMap$Values
Event: 1.355 loading class com/badlogic/gdx/utils/LongMap$Values done
Event: 1.355 loading class com/badlogic/gdx/utils/LongMap$MapIterator
Event: 1.355 loading class com/badlogic/gdx/utils/LongMap$MapIterator done


Dynamic libraries:
0x00080000 - 0x000b3000 	C:\Program Files\Java\jre1.8.0_91\bin\javaw.exe
0x77c50000 - 0x77d8c000 	C:\Windows\SYSTEM32\ntdll.dll
0x767d0000 - 0x768a4000 	C:\Windows\system32\kernel32.dll
0x75e50000 - 0x75e9a000 	C:\Windows\system32\KERNELBASE.dll
0x760a0000 - 0x76140000 	C:\Windows\system32\ADVAPI32.dll
0x77dd0000 - 0x77e7c000 	C:\Windows\system32\msvcrt.dll
0x766e0000 - 0x766f9000 	C:\Windows\SYSTEM32\sechost.dll
0x77860000 - 0x77901000 	C:\Windows\system32\RPCRT4.dll
0x76440000 - 0x76509000 	C:\Windows\system32\USER32.dll
0x76510000 - 0x7655e000 	C:\Windows\system32\GDI32.dll
0x77db0000 - 0x77dba000 	C:\Windows\system32\LPK.dll
0x76a50000 - 0x76aed000 	C:\Windows\system32\USP10.dll
0x74d30000 - 0x74ece000 	C:\Windows\WinSxS\x86_microsoft.windows.common-controls_6595b64144ccf1df_6.0.7600.16385_none_421189da2b7fabfc\COMCTL32.dll
0x77800000 - 0x77857000 	C:\Windows\system32\SHLWAPI.dll
0x77d90000 - 0x77daf000 	C:\Windows\system32\IMM32.DLL
0x76700000 - 0x767cc000 	C:\Windows\system32\MSCTF.dll
0x6b360000 - 0x6b41d000 	C:\Program Files\Java\jre1.8.0_91\bin\msvcr100.dll
0x6c810000 - 0x6cbda000 	C:\Program Files\Java\jre1.8.0_91\bin\client\jvm.dll
0x73a70000 - 0x73a77000 	C:\Windows\system32\WSOCK32.dll
0x777c0000 - 0x777f5000 	C:\Windows\system32\WS2_32.dll
0x766d0000 - 0x766d6000 	C:\Windows\system32\NSI.dll
0x741c0000 - 0x741f2000 	C:\Windows\system32\WINMM.dll
0x752a0000 - 0x752a9000 	C:\Windows\system32\VERSION.dll
0x77dc0000 - 0x77dc5000 	C:\Windows\system32\PSAPI.DLL
0x6c7e0000 - 0x6c7ec000 	C:\Program Files\Java\jre1.8.0_91\bin\verify.dll
0x6c7b0000 - 0x6c7d1000 	C:\Program Files\Java\jre1.8.0_91\bin\java.dll
0x6c790000 - 0x6c7a3000 	C:\Program Files\Java\jre1.8.0_91\bin\zip.dll
0x76b70000 - 0x777b9000 	C:\Windows\system32\SHELL32.dll
0x76140000 - 0x7629c000 	C:\Windows\system32\ole32.dll
0x75da0000 - 0x75dab000 	C:\Windows\system32\profapi.dll
0x6cec0000 - 0x6cf33000 	C:\Users\Sanjay Nellutla\AppData\Local\Temp\libgdxSanjay Nellutla\133cf295\gdx.dll
0x75820000 - 0x75836000 	C:\Windows\system32\CRYPTSP.dll
0x755c0000 - 0x755fb000 	C:\Windows\system32\rsaenh.dll
0x75400000 - 0x75417000 	C:\Windows\system32\USERENV.dll
0x75d20000 - 0x75d2c000 	C:\Windows\system32\CRYPTBASE.dll
0x6c770000 - 0x6c786000 	C:\Program Files\Java\jre1.8.0_91\bin\net.dll
0x757e0000 - 0x7581c000 	C:\Windows\system32\mswsock.dll
0x757d0000 - 0x757d6000 	C:\Windows\System32\wship6.dll
0x73e20000 - 0x73e3c000 	C:\Windows\system32\IPHLPAPI.DLL
0x73e00000 - 0x73e07000 	C:\Windows\system32\WINNSI.DLL
0x73ce0000 - 0x73ced000 	C:\Windows\system32\dhcpcsvc6.DLL
0x73cc0000 - 0x73cd2000 	C:\Windows\system32\dhcpcsvc.DLL
0x6c760000 - 0x6c76f000 	C:\Program Files\Java\jre1.8.0_91\bin\nio.dll
0x002f0000 - 0x0033f000 	C:\Users\Sanjay Nellutla\AppData\Local\Temp\libgdxSanjay Nellutla\68069333\lwjgl.dll
0x678a0000 - 0x67968000 	C:\Windows\system32\OPENGL32.dll
0x71610000 - 0x71632000 	C:\Windows\system32\GLU32.dll
0x677b0000 - 0x67897000 	C:\Windows\system32\DDRAW.dll
0x71670000 - 0x71676000 	C:\Windows\system32\DCIMAN32.dll
0x768b0000 - 0x76a4d000 	C:\Windows\system32\SETUPAPI.dll
0x75f50000 - 0x75f77000 	C:\Windows\system32\CFGMGR32.dll
0x76640000 - 0x766cf000 	C:\Windows\system32\OLEAUT32.dll
0x75ea0000 - 0x75eb2000 	C:\Windows\system32\DEVOBJ.dll
0x74880000 - 0x74893000 	C:\Windows\system32\dwmapi.dll
0x151f0000 - 0x15255000 	C:\Users\SANJAY~1\AppData\Local\Temp\libgdxSanjay Nellutla\68069333\OpenAL32.dll
0x74bb0000 - 0x74bf0000 	C:\Windows\system32\uxtheme.dll
0x762a0000 - 0x76323000 	C:\Windows\system32\CLBCatQ.DLL
0x74bf0000 - 0x74ce5000 	C:\Windows\System32\PROPSYS.dll
0x75e20000 - 0x75e4d000 	C:\Windows\system32\WINTRUST.dll
0x75f80000 - 0x7609c000 	C:\Windows\system32\CRYPT32.dll
0x75e10000 - 0x75e1c000 	C:\Windows\system32\MSASN1.dll
0x74200000 - 0x74272000 	C:\Windows\system32\dsound.dll
0x746a0000 - 0x746c5000 	C:\Windows\system32\POWRPROF.dll
0x748a0000 - 0x748d9000 	C:\Windows\System32\MMDevApi.dll
0x713e0000 - 0x71416000 	C:\Windows\system32\AUDIOSES.DLL
0x15fa0000 - 0x16572000 	C:\Windows\system32\ig4icd32.dll
0x16730000 - 0x16aee000 	C:\Windows\system32\ig4dev32.dll
0x694a0000 - 0x69519000 	C:\Windows\system32\mscms.dll
0x6b320000 - 0x6b358000 	C:\Windows\system32\icm32.dll
0x6e640000 - 0x6e6d2000 	C:\Users\Sanjay Nellutla\AppData\Local\Temp\libgdxSanjay Nellutla\3ecf6ab4\gdx-box2d.dll
0x73960000 - 0x73a4b000 	C:\Windows\system32\dbghelp.dll

VM Arguments:
jvm_args: -Dfile.encoding=Cp1252 
java_command: com.mygdx.game.desktop.DesktopLauncher
java_class_path (initial): F:\sanjay\Eclipce Workspace\BallBoomer\desktop\bin;F:\sanjay\Eclipce Workspace\BallBoomer\core\bin;C:\Users\Sanjay Nellutla\.gradle\caches\modules-2\files-2.1\com.badlogicgames.gdx\gdx\1.9.3\1a3775429980a6c8da0cdefb656ad1dabf91d629\gdx-1.9.3.jar;C:\Users\Sanjay Nellutla\.gradle\caches\modules-2\files-2.1\com.badlogicgames.gdx\gdx-box2d\1.9.3\924800875b5ce70081021240a1301b60993b62e6\gdx-box2d-1.9.3.jar;C:\Users\Sanjay Nellutla\.gradle\caches\modules-2\files-2.1\com.badlogicgames.gdx\gdx-backend-lwjgl\1.9.3\88bc98f6155e1f63462ba03622ffaf25557dccc0\gdx-backend-lwjgl-1.9.3.jar;C:\Users\Sanjay Nellutla\.gradle\caches\modules-2\files-2.1\com.badlogicgames.gdx\gdx-platform\1.9.3\56b040cddca30bd248c8453863f71bad77adb107\gdx-platform-1.9.3-natives-desktop.jar;C:\Users\Sanjay Nellutla\.gradle\caches\modules-2\files-2.1\com.badlogicgames.gdx\gdx-box2d-platform\1.9.3\f8b223142c03314b27fc89c04cb105a8902cf58b\gdx-box2d-platform-1.9.3-natives-desktop.jar;C:\Users\Sanjay Nellutla\.gradle\caches\modules-2\files-2.1\org.lwjgl.lwjgl\lwjgl\2.9.2\a9d80fe5935c7a9149f6584d9777cfd471f65489\lwjgl-2.9.2.jar;C:\Users\Sanjay Nellutla\.gradle\caches\modules-2\files-2.1\org.lwjgl.lwjgl\lwjgl_util\2.9.2\4b9e37300a87799856e0bd15ed81663cdb6b0947\lwjgl_util-2.9.2.jar;C:\Users\Sanjay Nellutla\.gradle\caches\modules-2\files-2.1\com.badlogicgames.jlayer\jlayer\1.0.1-gdx\7cca83cec5c1b2f011362f4d85aabd71a73b049d\jlayer-1.0.1-gdx.jar;C:\Users\Sanjay Nellutla\.gradle\caches\modules-2\files-2.1\org.jcraft\jorbis\0.0.17\8872d22b293e8f5d7d56ff92be966e6dc28ebdc6\jorbis-0.0.17.jar;C:\Users\Sanjay Nellutla\.gradle\caches\modules-2\files-2.1\org.lwjgl.lwjgl\lwjgl-platform\2.9.2\510c7d317f5e9e700b9cfaac5fd38bdebf0702e0\lwjgl-platform-2.9.2-natives-windows.jar;C:\Users\Sanjay Nellutla\.gradle\caches\modules-2\files-2.1\org.lwjgl.lwjgl\lwjgl-platform\2.9.2\d276cdf61fe2b516c7b7f4aa1b8dea91dbdc8d56\lwjgl-platform-2.9.2-natives-linux.jar;C:\Users\Sanjay Nellutla\.gradle\caches\modules-2\fil
Launcher Type: SUN_STANDARD

Environment Variables:
PATH=C:/Program Files/Java/jre1.8.0_91/bin/client;C:/Program Files/Java/jre1.8.0_91/bin;C:/Program Files/Java/jre1.8.0_91/lib/i386;C:\ProgramData\Oracle\Java\javapath;C:\Windows\system32;C:\Windows;C:\Windows\System32\Wbem;C:\Windows\System32\WindowsPowerShell\v1.0;F:\sanjay\eclipse;
USERNAME=Sanjay Nellutla
OS=Windows_NT
PROCESSOR_IDENTIFIER=x86 Family 6 Model 23 Stepping 10, GenuineIntel



---------------  S Y S T E M  ---------------

OS: Windows 7 Build 7600 (6.1.7600.16385)

CPU:total 2 (2 cores per cpu, 1 threads per core) family 6 model 23 stepping 10, cmov, cx8, fxsr, mmx, sse, sse2, sse3, ssse3, sse4.1, tsc

Memory: 4k page, physical 2061432k(539620k free), swap 4122864k(2100376k free)

vm_info: Java HotSpot(TM) Client VM (25.91-b15) for windows-x86 JRE (1.8.0_91-b15), built on May 20 2016 17:33:18 by "java_re" with MS VC++ 10.0 (VS2010)

time: Thu Jun 23 13:08:16 2016
elapsed time: 1 seconds (0d 0h 0m 1s)

